#
# There is insufficient memory for the Java Runtime Environment to continue.
# Native memory allocation (malloc) failed to allocate 496416 bytes for Chunk::new
# Possible reasons:
#   The system is out of physical RAM or swap space
#   The process is running with CompressedOops enabled, and the Java Heap may be blocking the growth of the native heap
# Possible solutions:
#   Reduce memory load on the system
#   Increase physical memory or swap space
#   Check if swap backing store is full
#   Decrease Java heap size (-Xmx/-Xms)
#   Decrease number of Java threads
#   Decrease Java thread stack sizes (-Xss)
#   Set larger code cache with -XX:ReservedCodeCacheSize=
#   JVM is running with Zero Based Compressed Oops mode in which the Java heap is
#     placed in the first 32GB address space. The Java Heap base address is the
#     maximum limit for the native heap growth. Please use -XX:HeapBaseMinAddress
#     to set the Java Heap base and to place the Java Heap above 32GB virtual address.
# This output file may be truncated or incomplete.
#
#  Out of Memory Error (arena.cpp:184), pid=2456, tid=5040
#
# JRE version: Java(TM) SE Runtime Environment (18.0.1.1+2) (build 18.0.1.1+2-6)
# Java VM: Java HotSpot(TM) 64-Bit Server VM (18.0.1.1+2-6, mixed mode, sharing, tiered, compressed oops, compressed class ptrs, g1 gc, windows-amd64)
# No core dump will be written. Minidumps are not enabled by default on client versions of Windows
#

---------------  S U M M A R Y ------------

Command Line: -javaagent:C:\Program Files\JetBrains\IntelliJ IDEA Community Edition 2025.1\lib\idea_rt.jar=59131 -Dfile.encoding=UTF-8 -Dsun.stdout.encoding=UTF-8 -Dsun.stderr.encoding=UTF-8 com.example.Book.Managment.BookManagmentApplication

Host: Intel(R) Core(TM) i5-2500 CPU @ 3.30GHz, 4 cores, 15G,  Windows 10 , 64 bit Build 17763 (10.0.17763.7009)
Time: Mon Jun 23 18:30:45 2025 Алтайское стандартное время elapsed time: 1.788903 seconds (0d 0h 0m 1s)

---------------  T H R E A D  ---------------

Current thread (0x000001f35adee8f0):  JavaThread "C2 CompilerThread1" daemon [_thread_in_native, id=5040, stack(0x000000bd88700000,0x000000bd88800000)]


Current CompileTask:
C2:   1788 2173   !   4       java.net.URL::<init> (543 bytes)

Stack: [0x000000bd88700000,0x000000bd88800000]
Native frames: (J=compiled Java code, j=interpreted, Vv=VM code, C=native code)
V  [jvm.dll+0x69887a]
V  [jvm.dll+0x7f38bd]
V  [jvm.dll+0x7f51ce]
V  [jvm.dll+0x7f5883]
V  [jvm.dll+0x25ca3f]
V  [jvm.dll+0xb8c2f]
V  [jvm.dll+0xb8fa5]
V  [jvm.dll+0x2c794f]
V  [jvm.dll+0x5a05b0]
V  [jvm.dll+0x237f1e]
V  [jvm.dll+0x231672]
V  [jvm.dll+0x22eeeb]
V  [jvm.dll+0x1b9cfc]
V  [jvm.dll+0x23e8ca]
V  [jvm.dll+0x23cbb5]
V  [jvm.dll+0x7a5fb1]
V  [jvm.dll+0x7a03ea]
V  [jvm.dll+0x697725]
C  [ucrtbase.dll+0x2268a]
C  [KERNEL32.DLL+0x17ac4]
C  [ntdll.dll+0x5a8c1]


---------------  P R O C E S S  ---------------

Threads class SMR info:
_java_thread_list=0x000001f35b002c70, length=18, elements={
0x000001f3319f7940, 0x000001f355ec72a0, 0x000001f355ec8ac0, 0x000001f355edd6e0,
0x000001f355edf490, 0x000001f355ee1860, 0x000001f355ee2dc0, 0x000001f355ee4790,
0x000001f355eea800, 0x000001f355f1ce20, 0x000001f35a1b1f70, 0x000001f35a4581d0,
0x000001f35a392950, 0x000001f35a8368b0, 0x000001f35a83bb00, 0x000001f35adee8f0,
0x000001f35b205300, 0x000001f35b44f030
}

Java Threads: ( => current thread )
  0x000001f3319f7940 JavaThread "main" [_thread_blocked, id=11836, stack(0x000000bd86e00000,0x000000bd86f00000)]
  0x000001f355ec72a0 JavaThread "Reference Handler" daemon [_thread_blocked, id=7024, stack(0x000000bd87500000,0x000000bd87600000)]
  0x000001f355ec8ac0 JavaThread "Finalizer" daemon [_thread_blocked, id=13212, stack(0x000000bd87600000,0x000000bd87700000)]
  0x000001f355edd6e0 JavaThread "Signal Dispatcher" daemon [_thread_blocked, id=7236, stack(0x000000bd87700000,0x000000bd87800000)]
  0x000001f355edf490 JavaThread "Attach Listener" daemon [_thread_blocked, id=12868, stack(0x000000bd87800000,0x000000bd87900000)]
  0x000001f355ee1860 JavaThread "Service Thread" daemon [_thread_blocked, id=15092, stack(0x000000bd87900000,0x000000bd87a00000)]
  0x000001f355ee2dc0 JavaThread "Monitor Deflation Thread" daemon [_thread_blocked, id=6160, stack(0x000000bd87a00000,0x000000bd87b00000)]
  0x000001f355ee4790 JavaThread "C2 CompilerThread0" daemon [_thread_in_native, id=12456, stack(0x000000bd87b00000,0x000000bd87c00000)]
  0x000001f355eea800 JavaThread "C1 CompilerThread0" daemon [_thread_blocked, id=13800, stack(0x000000bd87c00000,0x000000bd87d00000)]
  0x000001f355f1ce20 JavaThread "Sweeper thread" daemon [_thread_blocked, id=12308, stack(0x000000bd87d00000,0x000000bd87e00000)]
  0x000001f35a1b1f70 JavaThread "Common-Cleaner" daemon [_thread_blocked, id=3964, stack(0x000000bd87e00000,0x000000bd87f00000)]
  0x000001f35a4581d0 JavaThread "Monitor Ctrl-Break" daemon [_thread_in_native, id=15936, stack(0x000000bd87f00000,0x000000bd88000000)]
  0x000001f35a392950 JavaThread "Notification Thread" daemon [_thread_blocked, id=8040, stack(0x000000bd88000000,0x000000bd88100000)]
  0x000001f35a8368b0 JavaThread "Thread-0" [_thread_blocked, id=10000, stack(0x000000bd88500000,0x000000bd88600000)]
  0x000001f35a83bb00 JavaThread "restartedMain" [_thread_in_vm, id=124, stack(0x000000bd88600000,0x000000bd88700000)]
=>0x000001f35adee8f0 JavaThread "C2 CompilerThread1" daemon [_thread_in_native, id=5040, stack(0x000000bd88700000,0x000000bd88800000)]
  0x000001f35b205300 JavaThread "background-preinit" [_thread_in_vm, id=14648, stack(0x000000bd88800000,0x000000bd88900000)]
  0x000001f35b44f030 JavaThread "Thread-3" [_thread_blocked, id=6996, stack(0x000000bd88900000,0x000000bd88a00000)]

Other Threads:
  0x000001f331a82cb0 VMThread "VM Thread" [stack: 0x000000bd87400000,0x000000bd87500000] [id=10204]
  0x000001f35a458690 WatcherThread "VM Periodic Task Thread" [stack: 0x000000bd88100000,0x000000bd88200000] [id=13780]
  0x000001f331a690b0 WorkerThread "GC Thread#0" [stack: 0x000000bd86f00000,0x000000bd87000000] [id=13448]
  0x000001f35a62c150 WorkerThread "GC Thread#1" [stack: 0x000000bd88200000,0x000000bd88300000] [id=1004]
  0x000001f35a6573e0 WorkerThread "GC Thread#2" [stack: 0x000000bd88300000,0x000000bd88400000] [id=876]
  0x000001f35a657680 WorkerThread "GC Thread#3" [stack: 0x000000bd88400000,0x000000bd88500000] [id=13580]
  0x000001f331a79f30 ConcurrentGCThread "G1 Main Marker" [stack: 0x000000bd87000000,0x000000bd87100000] [id=13324]
  0x000001f331a7b4e0 WorkerThread "G1 Conc#0" [stack: 0x000000bd87100000,0x000000bd87200000] [id=14888]
  0x000001f331a9ea50 ConcurrentGCThread "G1 Refine#0" [stack: 0x000000bd87200000,0x000000bd87300000] [id=2580]
  0x000001f355d7b550 ConcurrentGCThread "G1 Service" [stack: 0x000000bd87300000,0x000000bd87400000] [id=16124]

Threads with active compile tasks:
C2 CompilerThread0     1814 2182 %     4       java.util.Properties$LineReader::readLine @ 53 (584 bytes)
C2 CompilerThread1     1814 2173   !   4       java.net.URL::<init> (543 bytes)

VM state: not at safepoint (normal execution)

VM Mutex/Monitor currently owned by a thread:  ([mutex/lock_event])
[0x000001f3319f1bf0] Metaspace_lock - owner thread: 0x000001f35a83bb00

Heap address: 0x0000000700a00000, size: 4086 MB, Compressed Oops mode: Zero based, Oop shift amount: 3

CDS archive(s) mapped at: [0x0000000800000000-0x0000000800ba0000-0x0000000800ba0000), size 12189696, SharedBaseAddress: 0x0000000800000000, ArchiveRelocationMode: 0.
Compressed class space mapped at: 0x0000000800c00000-0x0000000840c00000, reserved size: 1073741824
Narrow klass base: 0x0000000800000000, Narrow klass shift: 0, Narrow klass range: 0x100000000

GC Precious Log:
 CardTable entry size: 512
 Card Set container configuration: InlinePtr #cards 4 size 8 Array Of Cards #cards 16 size 48 Howl #buckets 8 coarsen threshold 3686 Howl Bitmap #cards 512 size 80 coarsen threshold 460 Card regions per heap region 1 cards per card region 4096
 CPUs: 4 total, 4 available
 Memory: 16338M
 Large Page Support: Disabled
 NUMA Support: Disabled
 Compressed Oops: Enabled (Zero based)
 Heap Region Size: 2M
 Heap Min Capacity: 8M
 Heap Initial Capacity: 256M
 Heap Max Capacity: 4086M
 Pre-touch: Disabled
 Parallel Workers: 4
 Concurrent Workers: 1
 Concurrent Refinement Workers: 4
 Periodic GC: Disabled

Heap:
 garbage-first heap   total 262144K, used 29299K [0x0000000700a00000, 0x0000000800000000)
  region size 2048K, 14 young (28672K), 2 survivors (4096K)
 Metaspace       used 17760K, committed 18112K, reserved 1114112K
  class space    used 2177K, committed 2368K, reserved 1048576K

Heap Regions: E=young(eden), S=young(survivor), O=old, HS=humongous(starts), HC=humongous(continues), CS=collection set, F=free, OA=open archive, CA=closed archive, TAMS=top-at-mark-start (previous, next)
|   0|0x0000000700a00000, 0x0000000700c00000, 0x0000000700c00000|100%| O|  |TAMS 0x0000000700a00000, 0x0000000700a00000| Untracked 
|   1|0x0000000700c00000, 0x0000000700e00000, 0x0000000700e00000|100%| O|  |TAMS 0x0000000700c00000, 0x0000000700c00000| Untracked 
|   2|0x0000000700e00000, 0x0000000700fea400, 0x0000000701000000| 95%| O|  |TAMS 0x0000000700e00000, 0x0000000700e00000| Untracked 
|   3|0x0000000701000000, 0x0000000701000000, 0x0000000701200000|  0%| F|  |TAMS 0x0000000701000000, 0x0000000701000000| Untracked 
|   4|0x0000000701200000, 0x0000000701200000, 0x0000000701400000|  0%| F|  |TAMS 0x0000000701200000, 0x0000000701200000| Untracked 
|   5|0x0000000701400000, 0x0000000701400000, 0x0000000701600000|  0%| F|  |TAMS 0x0000000701400000, 0x0000000701400000| Untracked 
|   6|0x0000000701600000, 0x0000000701600000, 0x0000000701800000|  0%| F|  |TAMS 0x0000000701600000, 0x0000000701600000| Untracked 
|   7|0x0000000701800000, 0x0000000701800000, 0x0000000701a00000|  0%| F|  |TAMS 0x0000000701800000, 0x0000000701800000| Untracked 
|   8|0x0000000701a00000, 0x0000000701a00000, 0x0000000701c00000|  0%| F|  |TAMS 0x0000000701a00000, 0x0000000701a00000| Untracked 
|   9|0x0000000701c00000, 0x0000000701c00000, 0x0000000701e00000|  0%| F|  |TAMS 0x0000000701c00000, 0x0000000701c00000| Untracked 
|  10|0x0000000701e00000, 0x0000000701e00000, 0x0000000702000000|  0%| F|  |TAMS 0x0000000701e00000, 0x0000000701e00000| Untracked 
|  11|0x0000000702000000, 0x0000000702000000, 0x0000000702200000|  0%| F|  |TAMS 0x0000000702000000, 0x0000000702000000| Untracked 
|  12|0x0000000702200000, 0x0000000702200000, 0x0000000702400000|  0%| F|  |TAMS 0x0000000702200000, 0x0000000702200000| Untracked 
|  13|0x0000000702400000, 0x0000000702400000, 0x0000000702600000|  0%| F|  |TAMS 0x0000000702400000, 0x0000000702400000| Untracked 
|  14|0x0000000702600000, 0x0000000702600000, 0x0000000702800000|  0%| F|  |TAMS 0x0000000702600000, 0x0000000702600000| Untracked 
|  15|0x0000000702800000, 0x0000000702800000, 0x0000000702a00000|  0%| F|  |TAMS 0x0000000702800000, 0x0000000702800000| Untracked 
|  16|0x0000000702a00000, 0x0000000702a00000, 0x0000000702c00000|  0%| F|  |TAMS 0x0000000702a00000, 0x0000000702a00000| Untracked 
|  17|0x0000000702c00000, 0x0000000702c00000, 0x0000000702e00000|  0%| F|  |TAMS 0x0000000702c00000, 0x0000000702c00000| Untracked 
|  18|0x0000000702e00000, 0x0000000702e00000, 0x0000000703000000|  0%| F|  |TAMS 0x0000000702e00000, 0x0000000702e00000| Untracked 
|  19|0x0000000703000000, 0x0000000703000000, 0x0000000703200000|  0%| F|  |TAMS 0x0000000703000000, 0x0000000703000000| Untracked 
|  20|0x0000000703200000, 0x0000000703200000, 0x0000000703400000|  0%| F|  |TAMS 0x0000000703200000, 0x0000000703200000| Untracked 
|  21|0x0000000703400000, 0x0000000703400000, 0x0000000703600000|  0%| F|  |TAMS 0x0000000703400000, 0x0000000703400000| Untracked 
|  22|0x0000000703600000, 0x0000000703600000, 0x0000000703800000|  0%| F|  |TAMS 0x0000000703600000, 0x0000000703600000| Untracked 
|  23|0x0000000703800000, 0x0000000703800000, 0x0000000703a00000|  0%| F|  |TAMS 0x0000000703800000, 0x0000000703800000| Untracked 
|  24|0x0000000703a00000, 0x0000000703a00000, 0x0000000703c00000|  0%| F|  |TAMS 0x0000000703a00000, 0x0000000703a00000| Untracked 
|  25|0x0000000703c00000, 0x0000000703c00000, 0x0000000703e00000|  0%| F|  |TAMS 0x0000000703c00000, 0x0000000703c00000| Untracked 
|  26|0x0000000703e00000, 0x0000000703e00000, 0x0000000704000000|  0%| F|  |TAMS 0x0000000703e00000, 0x0000000703e00000| Untracked 
|  27|0x0000000704000000, 0x0000000704000000, 0x0000000704200000|  0%| F|  |TAMS 0x0000000704000000, 0x0000000704000000| Untracked 
|  28|0x0000000704200000, 0x0000000704200000, 0x0000000704400000|  0%| F|  |TAMS 0x0000000704200000, 0x0000000704200000| Untracked 
|  29|0x0000000704400000, 0x0000000704400000, 0x0000000704600000|  0%| F|  |TAMS 0x0000000704400000, 0x0000000704400000| Untracked 
|  30|0x0000000704600000, 0x0000000704600000, 0x0000000704800000|  0%| F|  |TAMS 0x0000000704600000, 0x0000000704600000| Untracked 
|  31|0x0000000704800000, 0x0000000704800000, 0x0000000704a00000|  0%| F|  |TAMS 0x0000000704800000, 0x0000000704800000| Untracked 
|  32|0x0000000704a00000, 0x0000000704a00000, 0x0000000704c00000|  0%| F|  |TAMS 0x0000000704a00000, 0x0000000704a00000| Untracked 
|  33|0x0000000704c00000, 0x0000000704c00000, 0x0000000704e00000|  0%| F|  |TAMS 0x0000000704c00000, 0x0000000704c00000| Untracked 
|  34|0x0000000704e00000, 0x0000000704e00000, 0x0000000705000000|  0%| F|  |TAMS 0x0000000704e00000, 0x0000000704e00000| Untracked 
|  35|0x0000000705000000, 0x0000000705000000, 0x0000000705200000|  0%| F|  |TAMS 0x0000000705000000, 0x0000000705000000| Untracked 
|  36|0x0000000705200000, 0x0000000705200000, 0x0000000705400000|  0%| F|  |TAMS 0x0000000705200000, 0x0000000705200000| Untracked 
|  37|0x0000000705400000, 0x0000000705400000, 0x0000000705600000|  0%| F|  |TAMS 0x0000000705400000, 0x0000000705400000| Untracked 
|  38|0x0000000705600000, 0x0000000705600000, 0x0000000705800000|  0%| F|  |TAMS 0x0000000705600000, 0x0000000705600000| Untracked 
|  39|0x0000000705800000, 0x0000000705800000, 0x0000000705a00000|  0%| F|  |TAMS 0x0000000705800000, 0x0000000705800000| Untracked 
|  40|0x0000000705a00000, 0x0000000705a00000, 0x0000000705c00000|  0%| F|  |TAMS 0x0000000705a00000, 0x0000000705a00000| Untracked 
|  41|0x0000000705c00000, 0x0000000705c00000, 0x0000000705e00000|  0%| F|  |TAMS 0x0000000705c00000, 0x0000000705c00000| Untracked 
|  42|0x0000000705e00000, 0x0000000705e00000, 0x0000000706000000|  0%| F|  |TAMS 0x0000000705e00000, 0x0000000705e00000| Untracked 
|  43|0x0000000706000000, 0x0000000706000000, 0x0000000706200000|  0%| F|  |TAMS 0x0000000706000000, 0x0000000706000000| Untracked 
|  44|0x0000000706200000, 0x0000000706200000, 0x0000000706400000|  0%| F|  |TAMS 0x0000000706200000, 0x0000000706200000| Untracked 
|  45|0x0000000706400000, 0x0000000706400000, 0x0000000706600000|  0%| F|  |TAMS 0x0000000706400000, 0x0000000706400000| Untracked 
|  46|0x0000000706600000, 0x0000000706600000, 0x0000000706800000|  0%| F|  |TAMS 0x0000000706600000, 0x0000000706600000| Untracked 
|  47|0x0000000706800000, 0x0000000706800000, 0x0000000706a00000|  0%| F|  |TAMS 0x0000000706800000, 0x0000000706800000| Untracked 
|  48|0x0000000706a00000, 0x0000000706a00000, 0x0000000706c00000|  0%| F|  |TAMS 0x0000000706a00000, 0x0000000706a00000| Untracked 
|  49|0x0000000706c00000, 0x0000000706c00000, 0x0000000706e00000|  0%| F|  |TAMS 0x0000000706c00000, 0x0000000706c00000| Untracked 
|  50|0x0000000706e00000, 0x0000000706e00000, 0x0000000707000000|  0%| F|  |TAMS 0x0000000706e00000, 0x0000000706e00000| Untracked 
|  51|0x0000000707000000, 0x0000000707000000, 0x0000000707200000|  0%| F|  |TAMS 0x0000000707000000, 0x0000000707000000| Untracked 
|  52|0x0000000707200000, 0x0000000707200000, 0x0000000707400000|  0%| F|  |TAMS 0x0000000707200000, 0x0000000707200000| Untracked 
|  53|0x0000000707400000, 0x0000000707400000, 0x0000000707600000|  0%| F|  |TAMS 0x0000000707400000, 0x0000000707400000| Untracked 
|  54|0x0000000707600000, 0x0000000707600000, 0x0000000707800000|  0%| F|  |TAMS 0x0000000707600000, 0x0000000707600000| Untracked 
|  55|0x0000000707800000, 0x0000000707800000, 0x0000000707a00000|  0%| F|  |TAMS 0x0000000707800000, 0x0000000707800000| Untracked 
|  56|0x0000000707a00000, 0x0000000707a00000, 0x0000000707c00000|  0%| F|  |TAMS 0x0000000707a00000, 0x0000000707a00000| Untracked 
|  57|0x0000000707c00000, 0x0000000707c00000, 0x0000000707e00000|  0%| F|  |TAMS 0x0000000707c00000, 0x0000000707c00000| Untracked 
|  58|0x0000000707e00000, 0x0000000707e00000, 0x0000000708000000|  0%| F|  |TAMS 0x0000000707e00000, 0x0000000707e00000| Untracked 
|  59|0x0000000708000000, 0x0000000708000000, 0x0000000708200000|  0%| F|  |TAMS 0x0000000708000000, 0x0000000708000000| Untracked 
|  60|0x0000000708200000, 0x0000000708200000, 0x0000000708400000|  0%| F|  |TAMS 0x0000000708200000, 0x0000000708200000| Untracked 
|  61|0x0000000708400000, 0x0000000708400000, 0x0000000708600000|  0%| F|  |TAMS 0x0000000708400000, 0x0000000708400000| Untracked 
|  62|0x0000000708600000, 0x0000000708600000, 0x0000000708800000|  0%| F|  |TAMS 0x0000000708600000, 0x0000000708600000| Untracked 
|  63|0x0000000708800000, 0x0000000708800000, 0x0000000708a00000|  0%| F|  |TAMS 0x0000000708800000, 0x0000000708800000| Untracked 
|  64|0x0000000708a00000, 0x0000000708a00000, 0x0000000708c00000|  0%| F|  |TAMS 0x0000000708a00000, 0x0000000708a00000| Untracked 
|  65|0x0000000708c00000, 0x0000000708c00000, 0x0000000708e00000|  0%| F|  |TAMS 0x0000000708c00000, 0x0000000708c00000| Untracked 
|  66|0x0000000708e00000, 0x0000000708e00000, 0x0000000709000000|  0%| F|  |TAMS 0x0000000708e00000, 0x0000000708e00000| Untracked 
|  67|0x0000000709000000, 0x0000000709000000, 0x0000000709200000|  0%| F|  |TAMS 0x0000000709000000, 0x0000000709000000| Untracked 
|  68|0x0000000709200000, 0x0000000709200000, 0x0000000709400000|  0%| F|  |TAMS 0x0000000709200000, 0x0000000709200000| Untracked 
|  69|0x0000000709400000, 0x0000000709400000, 0x0000000709600000|  0%| F|  |TAMS 0x0000000709400000, 0x0000000709400000| Untracked 
|  70|0x0000000709600000, 0x0000000709600000, 0x0000000709800000|  0%| F|  |TAMS 0x0000000709600000, 0x0000000709600000| Untracked 
|  71|0x0000000709800000, 0x0000000709800000, 0x0000000709a00000|  0%| F|  |TAMS 0x0000000709800000, 0x0000000709800000| Untracked 
|  72|0x0000000709a00000, 0x0000000709a00000, 0x0000000709c00000|  0%| F|  |TAMS 0x0000000709a00000, 0x0000000709a00000| Untracked 
|  73|0x0000000709c00000, 0x0000000709c00000, 0x0000000709e00000|  0%| F|  |TAMS 0x0000000709c00000, 0x0000000709c00000| Untracked 
|  74|0x0000000709e00000, 0x0000000709e00000, 0x000000070a000000|  0%| F|  |TAMS 0x0000000709e00000, 0x0000000709e00000| Untracked 
|  75|0x000000070a000000, 0x000000070a000000, 0x000000070a200000|  0%| F|  |TAMS 0x000000070a000000, 0x000000070a000000| Untracked 
|  76|0x000000070a200000, 0x000000070a200000, 0x000000070a400000|  0%| F|  |TAMS 0x000000070a200000, 0x000000070a200000| Untracked 
|  77|0x000000070a400000, 0x000000070a400000, 0x000000070a600000|  0%| F|  |TAMS 0x000000070a400000, 0x000000070a400000| Untracked 
|  78|0x000000070a600000, 0x000000070a600000, 0x000000070a800000|  0%| F|  |TAMS 0x000000070a600000, 0x000000070a600000| Untracked 
|  79|0x000000070a800000, 0x000000070a800000, 0x000000070aa00000|  0%| F|  |TAMS 0x000000070a800000, 0x000000070a800000| Untracked 
|  80|0x000000070aa00000, 0x000000070aa00000, 0x000000070ac00000|  0%| F|  |TAMS 0x000000070aa00000, 0x000000070aa00000| Untracked 
|  81|0x000000070ac00000, 0x000000070ac00000, 0x000000070ae00000|  0%| F|  |TAMS 0x000000070ac00000, 0x000000070ac00000| Untracked 
|  82|0x000000070ae00000, 0x000000070ae00000, 0x000000070b000000|  0%| F|  |TAMS 0x000000070ae00000, 0x000000070ae00000| Untracked 
|  83|0x000000070b000000, 0x000000070b000000, 0x000000070b200000|  0%| F|  |TAMS 0x000000070b000000, 0x000000070b000000| Untracked 
|  84|0x000000070b200000, 0x000000070b200000, 0x000000070b400000|  0%| F|  |TAMS 0x000000070b200000, 0x000000070b200000| Untracked 
|  85|0x000000070b400000, 0x000000070b400000, 0x000000070b600000|  0%| F|  |TAMS 0x000000070b400000, 0x000000070b400000| Untracked 
|  86|0x000000070b600000, 0x000000070b600000, 0x000000070b800000|  0%| F|  |TAMS 0x000000070b600000, 0x000000070b600000| Untracked 
|  87|0x000000070b800000, 0x000000070b800000, 0x000000070ba00000|  0%| F|  |TAMS 0x000000070b800000, 0x000000070b800000| Untracked 
|  88|0x000000070ba00000, 0x000000070ba00000, 0x000000070bc00000|  0%| F|  |TAMS 0x000000070ba00000, 0x000000070ba00000| Untracked 
|  89|0x000000070bc00000, 0x000000070bc00000, 0x000000070be00000|  0%| F|  |TAMS 0x000000070bc00000, 0x000000070bc00000| Untracked 
|  90|0x000000070be00000, 0x000000070be00000, 0x000000070c000000|  0%| F|  |TAMS 0x000000070be00000, 0x000000070be00000| Untracked 
|  91|0x000000070c000000, 0x000000070c000000, 0x000000070c200000|  0%| F|  |TAMS 0x000000070c000000, 0x000000070c000000| Untracked 
|  92|0x000000070c200000, 0x000000070c200000, 0x000000070c400000|  0%| F|  |TAMS 0x000000070c200000, 0x000000070c200000| Untracked 
|  93|0x000000070c400000, 0x000000070c400000, 0x000000070c600000|  0%| F|  |TAMS 0x000000070c400000, 0x000000070c400000| Untracked 
|  94|0x000000070c600000, 0x000000070c600000, 0x000000070c800000|  0%| F|  |TAMS 0x000000070c600000, 0x000000070c600000| Untracked 
|  95|0x000000070c800000, 0x000000070c800000, 0x000000070ca00000|  0%| F|  |TAMS 0x000000070c800000, 0x000000070c800000| Untracked 
|  96|0x000000070ca00000, 0x000000070ca00000, 0x000000070cc00000|  0%| F|  |TAMS 0x000000070ca00000, 0x000000070ca00000| Untracked 
|  97|0x000000070cc00000, 0x000000070cc00000, 0x000000070ce00000|  0%| F|  |TAMS 0x000000070cc00000, 0x000000070cc00000| Untracked 
|  98|0x000000070ce00000, 0x000000070ce00000, 0x000000070d000000|  0%| F|  |TAMS 0x000000070ce00000, 0x000000070ce00000| Untracked 
|  99|0x000000070d000000, 0x000000070d000000, 0x000000070d200000|  0%| F|  |TAMS 0x000000070d000000, 0x000000070d000000| Untracked 
| 100|0x000000070d200000, 0x000000070d200000, 0x000000070d400000|  0%| F|  |TAMS 0x000000070d200000, 0x000000070d200000| Untracked 
| 101|0x000000070d400000, 0x000000070d400000, 0x000000070d600000|  0%| F|  |TAMS 0x000000070d400000, 0x000000070d400000| Untracked 
| 102|0x000000070d600000, 0x000000070d600000, 0x000000070d800000|  0%| F|  |TAMS 0x000000070d600000, 0x000000070d600000| Untracked 
| 103|0x000000070d800000, 0x000000070d800000, 0x000000070da00000|  0%| F|  |TAMS 0x000000070d800000, 0x000000070d800000| Untracked 
| 104|0x000000070da00000, 0x000000070da00000, 0x000000070dc00000|  0%| F|  |TAMS 0x000000070da00000, 0x000000070da00000| Untracked 
| 105|0x000000070dc00000, 0x000000070dc00000, 0x000000070de00000|  0%| F|  |TAMS 0x000000070dc00000, 0x000000070dc00000| Untracked 
| 106|0x000000070de00000, 0x000000070de00000, 0x000000070e000000|  0%| F|  |TAMS 0x000000070de00000, 0x000000070de00000| Untracked 
| 107|0x000000070e000000, 0x000000070e000000, 0x000000070e200000|  0%| F|  |TAMS 0x000000070e000000, 0x000000070e000000| Untracked 
| 108|0x000000070e200000, 0x000000070e200000, 0x000000070e400000|  0%| F|  |TAMS 0x000000070e200000, 0x000000070e200000| Untracked 
| 109|0x000000070e400000, 0x000000070e400000, 0x000000070e600000|  0%| F|  |TAMS 0x000000070e400000, 0x000000070e400000| Untracked 
| 110|0x000000070e600000, 0x000000070e600000, 0x000000070e800000|  0%| F|  |TAMS 0x000000070e600000, 0x000000070e600000| Untracked 
| 111|0x000000070e800000, 0x000000070e800000, 0x000000070ea00000|  0%| F|  |TAMS 0x000000070e800000, 0x000000070e800000| Untracked 
| 112|0x000000070ea00000, 0x000000070eab2a40, 0x000000070ec00000| 34%| S|CS|TAMS 0x000000070ea00000, 0x000000070ea00000| Complete 
| 113|0x000000070ec00000, 0x000000070ee00000, 0x000000070ee00000|100%| S|CS|TAMS 0x000000070ec00000, 0x000000070ec00000| Complete 
| 114|0x000000070ee00000, 0x000000070ee00000, 0x000000070f000000|  0%| F|  |TAMS 0x000000070ee00000, 0x000000070ee00000| Untracked 
| 115|0x000000070f000000, 0x000000070f000000, 0x000000070f200000|  0%| F|  |TAMS 0x000000070f000000, 0x000000070f000000| Untracked 
| 116|0x000000070f200000, 0x000000070f2de4c8, 0x000000070f400000| 43%| E|  |TAMS 0x000000070f200000, 0x000000070f200000| Complete 
| 117|0x000000070f400000, 0x000000070f600000, 0x000000070f600000|100%| E|  |TAMS 0x000000070f400000, 0x000000070f400000| Complete 
| 118|0x000000070f600000, 0x000000070f800000, 0x000000070f800000|100%| E|CS|TAMS 0x000000070f600000, 0x000000070f600000| Complete 
| 119|0x000000070f800000, 0x000000070fa00000, 0x000000070fa00000|100%| E|CS|TAMS 0x000000070f800000, 0x000000070f800000| Complete 
| 120|0x000000070fa00000, 0x000000070fc00000, 0x000000070fc00000|100%| E|CS|TAMS 0x000000070fa00000, 0x000000070fa00000| Complete 
| 121|0x000000070fc00000, 0x000000070fe00000, 0x000000070fe00000|100%| E|CS|TAMS 0x000000070fc00000, 0x000000070fc00000| Complete 
| 122|0x000000070fe00000, 0x0000000710000000, 0x0000000710000000|100%| E|CS|TAMS 0x000000070fe00000, 0x000000070fe00000| Complete 
| 123|0x0000000710000000, 0x0000000710200000, 0x0000000710200000|100%| E|CS|TAMS 0x0000000710000000, 0x0000000710000000| Complete 
| 124|0x0000000710200000, 0x0000000710400000, 0x0000000710400000|100%| E|CS|TAMS 0x0000000710200000, 0x0000000710200000| Complete 
| 125|0x0000000710400000, 0x0000000710600000, 0x0000000710600000|100%| E|CS|TAMS 0x0000000710400000, 0x0000000710400000| Complete 
| 126|0x0000000710600000, 0x0000000710800000, 0x0000000710800000|100%| E|CS|TAMS 0x0000000710600000, 0x0000000710600000| Complete 
| 127|0x0000000710800000, 0x0000000710a00000, 0x0000000710a00000|100%| E|CS|TAMS 0x0000000710800000, 0x0000000710800000| Complete 

Card table byte_map: [0x000001f34a960000,0x000001f34b160000] _byte_map_base: 0x000001f34715b000

Marking Bits (Prev, Next): (CMBitMap*) 0x000001f331a696b0, (CMBitMap*) 0x000001f331a696f0
 Prev Bits: [0x000001f34b960000, 0x000001f34f938000)
 Next Bits: [0x000001f34f940000, 0x000001f353918000)

Polling page: 0x000001f331890000

Metaspace:

Usage:
  Non-class:     15.22 MB used.
      Class:      2.13 MB used.
       Both:     17.34 MB used.

Virtual space:
  Non-class space:       64.00 MB reserved,      15.38 MB ( 24%) committed,  1 nodes.
      Class space:        1.00 GB reserved,       2.31 MB ( <1%) committed,  1 nodes.
             Both:        1.06 GB reserved,      17.69 MB (  2%) committed. 

Chunk freelists:
   Non-Class:  48.00 KB
       Class:  1.72 MB
        Both:  1.77 MB

MaxMetaspaceSize: unlimited
CompressedClassSpaceSize: 1.00 GB
Initial GC threshold: 21.00 MB
Current GC threshold: 21.00 MB
CDS: on
MetaspaceReclaimPolicy: balanced
 - commit_granule_bytes: 65536.
 - commit_granule_words: 8192.
 - virtual_space_node_default_size: 8388608.
 - enlarge_chunks_in_place: 1.
 - new_chunks_are_fully_committed: 0.
 - uncommit_free_chunks: 1.
 - use_allocation_guard: 0.


Internal statistics:

num_allocs_failed_limit: 0.
num_arena_births: 392.
num_arena_deaths: 0.
num_vsnodes_births: 2.
num_vsnodes_deaths: 0.
num_space_committed: 283.
num_space_uncommitted: 0.
num_chunks_returned_to_freelist: 0.
num_chunks_taken_from_freelist: 981.
num_chunk_merges: 0.
num_chunk_splits: 666.
num_chunks_enlarged: 502.
num_inconsistent_stats: 0.

CodeHeap 'non-profiled nmethods': size=120000Kb used=799Kb max_used=799Kb free=119201Kb
 bounds [0x000001f342610000, 0x000001f342880000, 0x000001f349b40000]
CodeHeap 'profiled nmethods': size=120000Kb used=4389Kb max_used=4389Kb free=115610Kb
 bounds [0x000001f33b0e0000, 0x000001f33b530000, 0x000001f342610000]
CodeHeap 'non-nmethods': size=5760Kb used=1209Kb max_used=1229Kb free=4550Kb
 bounds [0x000001f33ab40000, 0x000001f33adb0000, 0x000001f33b0e0000]
 total_blobs=2728 nmethods=2232 adapters=408
 compilation: enabled
              stopped_count=0, restarted_count=0
 full_count=0

Compilation events (20 events):
Event: 1.783 Thread 0x000001f355eea800 2200       3       java.lang.StringConcatHelper::prepend (22 bytes)
Event: 1.783 Thread 0x000001f355eea800 nmethod 2200 0x000001f33b510590 code [0x000001f33b510740, 0x000001f33b5108d8]
Event: 1.784 Thread 0x000001f355eea800 2201       3       java.security.AccessController::checkContext (49 bytes)
Event: 1.784 Thread 0x000001f355eea800 nmethod 2201 0x000001f33b510990 code [0x000001f33b510b40, 0x000001f33b510d18]
Event: 1.785 Thread 0x000001f355eea800 2202       3       java.util.LinkedHashMap$LinkedValues::iterator (12 bytes)
Event: 1.785 Thread 0x000001f355eea800 nmethod 2202 0x000001f33b510e10 code [0x000001f33b510fc0, 0x000001f33b511338]
Event: 1.785 Thread 0x000001f355ee4790 nmethod 2181% 0x000001f3426d4d90 code [0x000001f3426d4fc0, 0x000001f3426d5d30]
Event: 1.785 Thread 0x000001f355eea800 2203       3       java.util.LinkedHashMap$LinkedValueIterator::<init> (6 bytes)
Event: 1.786 Thread 0x000001f355ee4790 2182 %     4       java.util.Properties$LineReader::readLine @ 53 (584 bytes)
Event: 1.786 Thread 0x000001f355eea800 nmethod 2203 0x000001f33b511490 code [0x000001f33b511640, 0x000001f33b511918]
Event: 1.786 Thread 0x000001f355eea800 2204       3       java.lang.Character::digit (6 bytes)
Event: 1.786 Thread 0x000001f355eea800 nmethod 2204 0x000001f33b511a10 code [0x000001f33b511bc0, 0x000001f33b511e18]
Event: 1.786 Thread 0x000001f355eea800 2205       3       java.lang.Character::digit (10 bytes)
Event: 1.786 Thread 0x000001f355eea800 nmethod 2205 0x000001f33b511f10 code [0x000001f33b5120c0, 0x000001f33b5122b8]
Event: 1.787 Thread 0x000001f355eea800 2206       3       java.lang.invoke.DelegatingMethodHandle$Holder::reinvoke_L (20 bytes)
Event: 1.787 Thread 0x000001f355eea800 nmethod 2206 0x000001f33b512390 code [0x000001f33b512560, 0x000001f33b5129d8]
Event: 1.787 Thread 0x000001f355eea800 2207  s    3       java.lang.Throwable::fillInStackTrace (29 bytes)
Event: 1.787 Thread 0x000001f355eea800 nmethod 2207 0x000001f33b512b10 code [0x000001f33b512cc0, 0x000001f33b512fc8]
Event: 1.787 Thread 0x000001f355eea800 2209       3       java.util.Properties::getProperty (50 bytes)
Event: 1.787 Thread 0x000001f355eea800 nmethod 2209 0x000001f33b513090 code [0x000001f33b513260, 0x000001f33b513758]

GC Heap History (6 events):
Event: 0.428 GC heap before
{Heap before GC invocations=0 (full 0):
 garbage-first heap   total 262144K, used 10240K [0x0000000700a00000, 0x0000000800000000)
  region size 2048K, 6 young (12288K), 0 survivors (0K)
 Metaspace       used 2405K, committed 2560K, reserved 1114112K
  class space    used 227K, committed 320K, reserved 1048576K
}
Event: 0.432 GC heap after
{Heap after GC invocations=1 (full 0):
 garbage-first heap   total 262144K, used 6010K [0x0000000700a00000, 0x0000000800000000)
  region size 2048K, 1 young (2048K), 1 survivors (2048K)
 Metaspace       used 2405K, committed 2560K, reserved 1114112K
  class space    used 227K, committed 320K, reserved 1048576K
}
Event: 0.670 GC heap before
{Heap before GC invocations=1 (full 0):
 garbage-first heap   total 262144K, used 16250K [0x0000000700a00000, 0x0000000800000000)
  region size 2048K, 6 young (12288K), 1 survivors (2048K)
 Metaspace       used 4818K, committed 5056K, reserved 1114112K
  class space    used 534K, committed 640K, reserved 1048576K
}
Event: 0.672 GC heap after
{Heap after GC invocations=2 (full 0):
 garbage-first heap   total 262144K, used 6642K [0x0000000700a00000, 0x0000000800000000)
  region size 2048K, 1 young (2048K), 1 survivors (2048K)
 Metaspace       used 4818K, committed 5056K, reserved 1114112K
  class space    used 534K, committed 640K, reserved 1048576K
}
Event: 1.506 GC heap before
{Heap before GC invocations=2 (full 0):
 garbage-first heap   total 262144K, used 31218K [0x0000000700a00000, 0x0000000800000000)
  region size 2048K, 14 young (28672K), 1 survivors (2048K)
 Metaspace       used 12051K, committed 12352K, reserved 1114112K
  class space    used 1461K, committed 1600K, reserved 1048576K
}
Event: 1.509 GC heap after
{Heap after GC invocations=3 (full 0):
 garbage-first heap   total 262144K, used 8819K [0x0000000700a00000, 0x0000000800000000)
  region size 2048K, 2 young (4096K), 2 survivors (4096K)
 Metaspace       used 12051K, committed 12352K, reserved 1114112K
  class space    used 1461K, committed 1600K, reserved 1048576K
}

Deoptimization events (20 events):
Event: 1.688 Thread 0x000001f35a83bb00 Uncommon trap: trap_request=0xffffff45 fr.pc=0x000001f3426b9e34 relative=0x0000000000000214
Event: 1.688 Thread 0x000001f35a83bb00 Uncommon trap: reason=unstable_if action=reinterpret pc=0x000001f3426b9e34 method=java.util.StringTokenizer.scanToken(I)I @ 42 c2
Event: 1.688 Thread 0x000001f35a83bb00 DEOPT PACKING pc=0x000001f3426b9e34 sp=0x000000bd886fdbb0
Event: 1.688 Thread 0x000001f35a83bb00 DEOPT UNPACKING pc=0x000001f33ab923a3 sp=0x000000bd886fdb40 mode 2
Event: 1.716 Thread 0x000001f35a83bb00 Uncommon trap: trap_request=0xffffff45 fr.pc=0x000001f342677474 relative=0x0000000000000974
Event: 1.716 Thread 0x000001f35a83bb00 Uncommon trap: reason=unstable_if action=reinterpret pc=0x000001f342677474 method=jdk.internal.org.objectweb.asm.SymbolTable.put(Ljdk/internal/org/objectweb/asm/SymbolTable$Entry;)Ljdk/internal/org/objectweb/asm/SymbolTable$Entry; @ 13 c2
Event: 1.716 Thread 0x000001f35a83bb00 DEOPT PACKING pc=0x000001f342677474 sp=0x000000bd886fcd80
Event: 1.716 Thread 0x000001f35a83bb00 DEOPT UNPACKING pc=0x000001f33ab923a3 sp=0x000000bd886fccb8 mode 2
Event: 1.721 Thread 0x000001f35a83bb00 Uncommon trap: trap_request=0xffffff45 fr.pc=0x000001f34269a634 relative=0x0000000000000114
Event: 1.721 Thread 0x000001f35a83bb00 Uncommon trap: reason=unstable_if action=reinterpret pc=0x000001f34269a634 method=java.util.Arrays.equals([Ljava/lang/Object;[Ljava/lang/Object;)Z @ 44 c2
Event: 1.721 Thread 0x000001f35a83bb00 DEOPT PACKING pc=0x000001f34269a634 sp=0x000000bd886fd640
Event: 1.721 Thread 0x000001f35a83bb00 DEOPT UNPACKING pc=0x000001f33ab923a3 sp=0x000000bd886fd5e0 mode 2
Event: 1.727 Thread 0x000001f35b205300 Uncommon trap: trap_request=0xffffff45 fr.pc=0x000001f3426cb0ec relative=0x000000000000032c
Event: 1.727 Thread 0x000001f35b205300 Uncommon trap: reason=unstable_if action=reinterpret pc=0x000001f3426cb0ec method=java.util.LinkedHashMap.get(Ljava/lang/Object;)Ljava/lang/Object; @ 16 c2
Event: 1.727 Thread 0x000001f35b205300 DEOPT PACKING pc=0x000001f3426cb0ec sp=0x000000bd888fe050
Event: 1.727 Thread 0x000001f35b205300 DEOPT UNPACKING pc=0x000001f33ab923a3 sp=0x000000bd888fe008 mode 2
Event: 1.732 Thread 0x000001f35a83bb00 Uncommon trap: trap_request=0xffffff45 fr.pc=0x000001f3426c38bc relative=0x000000000000019c
Event: 1.732 Thread 0x000001f35a83bb00 Uncommon trap: reason=unstable_if action=reinterpret pc=0x000001f3426c38bc method=java.util.WeakHashMap.expungeStaleEntries()V @ 9 c2
Event: 1.732 Thread 0x000001f35a83bb00 DEOPT PACKING pc=0x000001f3426c38bc sp=0x000000bd886fe450
Event: 1.732 Thread 0x000001f35a83bb00 DEOPT UNPACKING pc=0x000001f33ab923a3 sp=0x000000bd886fe3e8 mode 2

Classes loaded (20 events):
Event: 1.785 Loading class java/security/spec/EllipticCurve
Event: 1.785 Loading class java/security/spec/EllipticCurve done
Event: 1.785 Loading class java/security/spec/ECPoint
Event: 1.785 Loading class java/security/spec/ECPoint done
Event: 1.785 Loading class sun/security/util/NamedCurve
Event: 1.785 Loading class java/security/spec/ECParameterSpec
Event: 1.785 Loading class java/security/spec/AlgorithmParameterSpec
Event: 1.785 Loading class java/security/spec/AlgorithmParameterSpec done
Event: 1.785 Loading class java/security/spec/ECParameterSpec done
Event: 1.785 Loading class sun/security/util/NamedCurve done
Event: 1.786 Loading class sun/security/util/DerOutputStream
Event: 1.786 Loading class sun/security/util/DerEncoder
Event: 1.786 Loading class sun/security/util/DerEncoder done
Event: 1.786 Loading class sun/security/util/DerOutputStream done
Event: 1.786 Loading class sun/security/util/ByteArrayLexOrder
Event: 1.786 Loading class sun/security/util/ByteArrayLexOrder done
Event: 1.786 Loading class sun/security/util/ByteArrayTagOrder
Event: 1.786 Loading class sun/security/util/ByteArrayTagOrder done
Event: 1.786 Loading class sun/security/util/ObjectIdentifier
Event: 1.787 Loading class sun/security/util/ObjectIdentifier done

Classes unloaded (0 events):
No events

Classes redefined (0 events):
No events

Internal exceptions (20 events):
Event: 1.268 Thread 0x000001f35a83bb00 Exception <a 'java/lang/NoSuchMethodError'{0x000000070fda5ae0}: 'void java.lang.invoke.DirectMethodHandle$Holder.invokeStaticInit(java.lang.Object, java.lang.Object, java.lang.Object)'> (0x000000070fda5ae0) 
thrown [s\open\src\hotspot\share\interpreter\linkResolver.cpp, line 766]
Event: 1.274 Thread 0x000001f35a83bb00 Exception <a 'java/lang/NoSuchMethodError'{0x000000070fdf0d50}: 'java.lang.Object java.lang.invoke.DirectMethodHandle$Holder.invokeVirtual(java.lang.Object, java.lang.Object, java.lang.Object)'> (0x000000070fdf0d50) 
thrown [s\open\src\hotspot\share\interpreter\linkResolver.cpp, line 766]
Event: 1.297 Thread 0x000001f35a83bb00 Exception <a 'java/lang/NoSuchMethodError'{0x000000070faa7778}: 'java.lang.Object java.lang.invoke.DirectMethodHandle$Holder.newInvokeSpecial(java.lang.Object, long)'> (0x000000070faa7778) 
thrown [s\open\src\hotspot\share\interpreter\linkResolver.cpp, line 766]
Event: 1.298 Thread 0x000001f35a83bb00 Exception <a 'java/lang/NoSuchMethodError'{0x000000070faaf320}: 'void java.lang.invoke.DirectMethodHandle$Holder.invokeVirtual(java.lang.Object, java.lang.Object, java.lang.Object, java.lang.Object)'> (0x000000070faaf320) 
thrown [s\open\src\hotspot\share\interpreter\linkResolver.cpp, line 766]
Event: 1.315 Thread 0x000001f35a83bb00 Exception <a 'java/lang/NoSuchMethodError'{0x000000070fb61030}: 'java.lang.Object java.lang.invoke.DirectMethodHandle$Holder.invokeSpecial(java.lang.Object, java.lang.Object, long, java.lang.Object, java.lang.Object, java.lang.Object, java.lang.Object, java.lang.Object, java.lang.Object)'> (0x000000070fb61030) 
thrown [s\open\src\hotspot\share\interpreter\linkResolver.cpp, line 766]
Event: 1.316 Thread 0x000001f35a83bb00 Exception <a 'java/lang/NoSuchMethodError'{0x000000070fb658b8}: 'java.lang.Object java.lang.invoke.DelegatingMethodHandle$Holder.reinvoke_L(java.lang.Object, long, java.lang.Object, java.lang.Object, java.lang.Object, java.lang.Object, java.lang.Object, java.lang.Object)'> (0x000000070fb658b8) 
thrown [s\open\src\hotspot\share\interpreter\linkResolver.cpp, line 766]
Event: 1.380 Thread 0x000001f35a83bb00 Exception <a 'java/lang/NoSuchMethodError'{0x000000070f975ab0}: 'java.lang.Object java.lang.invoke.DirectMethodHandle$Holder.invokeSpecial(java.lang.Object, java.lang.Object, java.lang.Object, java.lang.Object, java.lang.Object, java.lang.Object, java.lang.Object, java.lang.Object, java.lang.Object)'> (0x000000070f975ab0) 
thrown [s\open\src\hotspot\share\interpreter\linkResolver.cpp, line 766]
Event: 1.380 Thread 0x000001f35a83bb00 Exception <a 'java/lang/NoSuchMethodError'{0x000000070f979d78}: 'java.lang.Object java.lang.invoke.Invokers$Holder.invoke_MT(java.lang.Object, java.lang.Object, java.lang.Object, java.lang.Object, java.lang.Object, java.lang.Object, java.lang.Object, java.lang.Object, java.lang.Object)'> (0x000000070f979d78) 
thrown [s\open\src\hotspot\share\interpreter\linkResolver.cpp, line 766]
Event: 1.384 Thread 0x000001f35b205300 Exception <a 'java/lang/NoClassDefFoundError'{0x000000070f955b20}: jakarta/validation/Validation> (0x000000070f955b20) 
thrown [s\open\src\hotspot\share\classfile\systemDictionary.cpp, line 244]
Event: 1.385 Thread 0x000001f35a83bb00 Exception <a 'java/lang/NoSuchMethodError'{0x000000070f9ab0a0}: 'java.lang.reflect.Field[] java.lang.Class.getDeclaredFields(java.lang.Class)'> (0x000000070f9ab0a0) 
thrown [s\open\src\hotspot\share\interpreter\linkResolver.cpp, line 766]
Event: 1.399 Thread 0x000001f35a83bb00 Exception <a 'java/lang/IncompatibleClassChangeError'{0x000000070f695188}: Found class java.lang.Object, but interface was expected> (0x000000070f695188) 
thrown [s\open\src\hotspot\share\interpreter\linkResolver.cpp, line 833]
Event: 1.683 Thread 0x000001f35a83bb00 Exception <a 'sun/nio/fs/WindowsException'{0x000000070fa79120}> (0x000000070fa79120) 
thrown [s\open\src\hotspot\share\prims\jni.cpp, line 516]
Event: 1.684 Thread 0x000001f35a83bb00 Exception <a 'java/lang/NoSuchMethodError'{0x000000070fa7aa90}: 'int java.lang.invoke.DirectMethodHandle$Holder.invokeSpecial(java.lang.Object, java.lang.Object, java.lang.Object, java.lang.Object, java.lang.Object)'> (0x000000070fa7aa90) 
thrown [s\open\src\hotspot\share\interpreter\linkResolver.cpp, line 766]
Event: 1.686 Thread 0x000001f35a83bb00 Exception <a 'java/lang/NoSuchMethodError'{0x000000070faed928}: 'void java.lang.invoke.DirectMethodHandle$Holder.invokeVirtual(java.lang.Object, java.lang.Object)'> (0x000000070faed928) 
thrown [s\open\src\hotspot\share\interpreter\linkResolver.cpp, line 766]
Event: 1.696 Thread 0x000001f35b205300 Exception <a 'java/lang/NoSuchMethodError'{0x000000070fba9578}: 'long java.lang.invoke.DirectMethodHandle$Holder.invokeSpecial(java.lang.Object, java.lang.Object)'> (0x000000070fba9578) 
thrown [s\open\src\hotspot\share\interpreter\linkResolver.cpp, line 766]
Event: 1.698 Thread 0x000001f35b205300 Exception <a 'java/lang/NoSuchMethodError'{0x000000070fbb4558}: 'long java.lang.invoke.DirectMethodHandle$Holder.invokeStatic(java.lang.Object, java.lang.Object)'> (0x000000070fbb4558) 
thrown [s\open\src\hotspot\share\interpreter\linkResolver.cpp, line 766]
Event: 1.698 Thread 0x000001f35b205300 Exception <a 'java/lang/NoSuchMethodError'{0x000000070fbb78a8}: 'long java.lang.invoke.DirectMethodHandle$Holder.invokeStaticInit(java.lang.Object, java.lang.Object)'> (0x000000070fbb78a8) 
thrown [s\open\src\hotspot\share\interpreter\linkResolver.cpp, line 766]
Event: 1.700 Thread 0x000001f35b205300 Exception <a 'java/lang/NoSuchMethodError'{0x000000070fbd9dc8}: 'long java.lang.invoke.DirectMethodHandle$Holder.invokeInterface(java.lang.Object, java.lang.Object)'> (0x000000070fbd9dc8) 
thrown [s\open\src\hotspot\share\interpreter\linkResolver.cpp, line 766]
Event: 1.701 Thread 0x000001f35b205300 Exception <a 'java/lang/IncompatibleClassChangeError'{0x000000070fbdd0a8}: Found class java.lang.Object, but interface was expected> (0x000000070fbdd0a8) 
thrown [s\open\src\hotspot\share\interpreter\linkResolver.cpp, line 833]
Event: 1.704 Thread 0x000001f35b205300 Exception <a 'java/lang/NoSuchMethodError'{0x000000070f838758}: 'java.lang.Object java.lang.invoke.DirectMethodHandle$Holder.invokeVirtual(java.lang.Object, java.lang.Object, java.lang.Object, java.lang.Object)'> (0x000000070f838758) 
thrown [s\open\src\hotspot\share\interpreter\linkResolver.cpp, line 766]

VM Operations (20 events):
Event: 0.712 Executing VM operation: HandshakeAllThreads
Event: 0.712 Executing VM operation: HandshakeAllThreads done
Event: 1.191 Executing VM operation: HandshakeAllThreads
Event: 1.191 Executing VM operation: HandshakeAllThreads done
Event: 1.371 Executing VM operation: HandshakeAllThreads
Event: 1.371 Executing VM operation: HandshakeAllThreads done
Event: 1.371 Executing VM operation: HandshakeAllThreads
Event: 1.371 Executing VM operation: HandshakeAllThreads done
Event: 1.376 Executing VM operation: ICBufferFull
Event: 1.376 Executing VM operation: ICBufferFull done
Event: 1.505 Executing VM operation: G1CollectForAllocation
Event: 1.509 Executing VM operation: G1CollectForAllocation done
Event: 1.526 Executing VM operation: HandshakeAllThreads
Event: 1.526 Executing VM operation: HandshakeAllThreads done
Event: 1.663 Executing VM operation: HandshakeAllThreads
Event: 1.663 Executing VM operation: HandshakeAllThreads done
Event: 1.752 Executing VM operation: HandshakeAllThreads
Event: 1.752 Executing VM operation: HandshakeAllThreads done
Event: 1.786 Executing VM operation: HandshakeAllThreads
Event: 1.786 Executing VM operation: HandshakeAllThreads done

Events (20 events):
Event: 0.032 Thread 0x000001f355ee4790 Thread added: 0x000001f355ee4790
Event: 0.033 Thread 0x000001f355eea800 Thread added: 0x000001f355eea800
Event: 0.033 Thread 0x000001f355f1ce20 Thread added: 0x000001f355f1ce20
Event: 0.105 Thread 0x000001f35a1b1f70 Thread added: 0x000001f35a1b1f70
Event: 0.138 Loaded shared library C:\Program Files\Java\jdk-18.0.1.1\bin\zip.dll
Event: 0.141 Loaded shared library C:\Program Files\Java\jdk-18.0.1.1\bin\instrument.dll
Event: 0.150 Loaded shared library C:\Program Files\Java\jdk-18.0.1.1\bin\net.dll
Event: 0.152 Loaded shared library C:\Program Files\Java\jdk-18.0.1.1\bin\nio.dll
Event: 0.155 Loaded shared library C:\Program Files\Java\jdk-18.0.1.1\bin\zip.dll
Event: 0.262 Thread 0x000001f35a4581d0 Thread added: 0x000001f35a4581d0
Event: 0.262 Thread 0x000001f35a392950 Thread added: 0x000001f35a392950
Event: 0.307 Loaded shared library C:\Program Files\Java\jdk-18.0.1.1\bin\jimage.dll
Event: 0.562 Loaded shared library C:\Program Files\Java\jdk-18.0.1.1\bin\management.dll
Event: 0.568 Loaded shared library C:\Program Files\Java\jdk-18.0.1.1\bin\management_ext.dll
Event: 0.615 Thread 0x000001f35a8368b0 Thread added: 0x000001f35a8368b0
Event: 0.621 Thread 0x000001f35a83bb00 Thread added: 0x000001f35a83bb00
Event: 1.301 Thread 0x000001f35adee8f0 Thread added: 0x000001f35adee8f0
Event: 1.377 Thread 0x000001f35b205300 Thread added: 0x000001f35b205300
Event: 1.771 Thread 0x000001f35b44f030 Thread added: 0x000001f35b44f030
Event: 1.777 Loaded shared library C:\Program Files\Java\jdk-18.0.1.1\bin\sunmscapi.dll


Dynamic libraries:
0x00007ff664020000 - 0x00007ff664030000 	C:\Program Files\Java\jdk-18.0.1.1\bin\java.exe
0x00007ff831590000 - 0x00007ff83177e000 	C:\Windows\SYSTEM32\ntdll.dll
0x00007ff830e20000 - 0x00007ff830ed3000 	C:\Windows\System32\KERNEL32.DLL
0x00007ff82e480000 - 0x00007ff82e71e000 	C:\Windows\System32\KERNELBASE.dll
0x00007ff81e670000 - 0x00007ff81e688000 	C:\Program Files\Java\jdk-18.0.1.1\bin\jli.dll
0x00007ff82d830000 - 0x00007ff82d92a000 	C:\Windows\System32\ucrtbase.dll
0x00007ff830f60000 - 0x00007ff831009000 	C:\Windows\System32\ADVAPI32.dll
0x00007ff831070000 - 0x00007ff83110e000 	C:\Windows\System32\msvcrt.dll
0x00007ff82e8c0000 - 0x00007ff82e962000 	C:\Windows\System32\sechost.dll
0x00007ff8305d0000 - 0x00007ff8306e8000 	C:\Windows\System32\RPCRT4.dll
0x00007ff82d9a0000 - 0x00007ff82d9c6000 	C:\Windows\System32\bcrypt.dll
0x00007ff830bb0000 - 0x00007ff830d47000 	C:\Windows\System32\USER32.dll
0x00007ff81ced0000 - 0x00007ff81ceea000 	C:\Program Files\Java\jdk-18.0.1.1\bin\VCRUNTIME140.dll
0x00007ff82e740000 - 0x00007ff82e760000 	C:\Windows\System32\win32u.dll
0x00007ff82e7c0000 - 0x00007ff82e7e9000 	C:\Windows\System32\GDI32.dll
0x00007ff82d5e0000 - 0x00007ff82d78c000 	C:\Windows\System32\gdi32full.dll
0x00007ff82d790000 - 0x00007ff82d830000 	C:\Windows\System32\msvcp_win.dll
0x00007ff81baf0000 - 0x00007ff81bd69000 	C:\Windows\WinSxS\amd64_microsoft.windows.common-controls_6595b64144ccf1df_6.0.17763.7434_none_de70930c534be02a\COMCTL32.dll
0x00007ff8306f0000 - 0x00007ff830a1a000 	C:\Windows\System32\combase.dll
0x00007ff82e3f0000 - 0x00007ff82e472000 	C:\Windows\System32\bcryptPrimitives.dll
0x00007ff827fc0000 - 0x00007ff827fca000 	C:\Windows\SYSTEM32\VERSION.dll
0x00007ff8314d0000 - 0x00007ff8314fe000 	C:\Windows\System32\IMM32.DLL
0x00007ff826300000 - 0x00007ff82630c000 	C:\Program Files\Java\jdk-18.0.1.1\bin\vcruntime140_1.dll
0x00007ff810b40000 - 0x00007ff810bcd000 	C:\Program Files\Java\jdk-18.0.1.1\bin\msvcp140.dll
0x00007fffecac0000 - 0x00007fffed6d0000 	C:\Program Files\Java\jdk-18.0.1.1\bin\server\jvm.dll
0x00007ff82e7b0000 - 0x00007ff82e7b8000 	C:\Windows\System32\PSAPI.DLL
0x00007ff8132d0000 - 0x00007ff8132d9000 	C:\Windows\SYSTEM32\WSOCK32.dll
0x00007ff830500000 - 0x00007ff83056d000 	C:\Windows\System32\WS2_32.dll
0x00007ff82a7e0000 - 0x00007ff82a804000 	C:\Windows\SYSTEM32\WINMM.dll
0x00007ff82a770000 - 0x00007ff82a79d000 	C:\Windows\SYSTEM32\winmmbase.dll
0x00007ff82e760000 - 0x00007ff82e7aa000 	C:\Windows\System32\cfgmgr32.dll
0x00007ff82d590000 - 0x00007ff82d5a1000 	C:\Windows\System32\kernel.appcore.dll
0x00007ff81ec50000 - 0x00007ff81ec5a000 	C:\Program Files\Java\jdk-18.0.1.1\bin\jimage.dll
0x00007ff81a480000 - 0x00007ff81a66d000 	C:\Windows\SYSTEM32\DBGHELP.DLL
0x00007ff818260000 - 0x00007ff81828a000 	C:\Windows\SYSTEM32\dbgcore.DLL
0x00007ff81cec0000 - 0x00007ff81cece000 	C:\Program Files\Java\jdk-18.0.1.1\bin\instrument.dll
0x00007ff81c5e0000 - 0x00007ff81c605000 	C:\Program Files\Java\jdk-18.0.1.1\bin\java.dll
0x00007ff80d2e0000 - 0x00007ff80d3b6000 	C:\Program Files\Java\jdk-18.0.1.1\bin\jsvml.dll
0x00007ff82f000000 - 0x00007ff8304f8000 	C:\Windows\System32\SHELL32.dll
0x00007ff8312c0000 - 0x00007ff831367000 	C:\Windows\System32\shcore.dll
0x00007ff82dca0000 - 0x00007ff82e3e8000 	C:\Windows\System32\windows.storage.dll
0x00007ff82d5b0000 - 0x00007ff82d5d3000 	C:\Windows\System32\profapi.dll
0x00007ff82d510000 - 0x00007ff82d56d000 	C:\Windows\System32\powrprof.dll
0x00007ff82e970000 - 0x00007ff82e9c6000 	C:\Windows\System32\shlwapi.dll
0x00007ff82e720000 - 0x00007ff82e73b000 	C:\Windows\System32\cryptsp.dll
0x00007ff81c580000 - 0x00007ff81c598000 	C:\Program Files\Java\jdk-18.0.1.1\bin\zip.dll
0x00007ff81c510000 - 0x00007ff81c523000 	C:\Program Files\Java\jdk-18.0.1.1\bin\net.dll
0x00007ff825f60000 - 0x00007ff82605d000 	C:\Windows\SYSTEM32\WINHTTP.dll
0x00007ff82cd50000 - 0x00007ff82cdb7000 	C:\Windows\system32\mswsock.dll
0x00007ff81c4f0000 - 0x00007ff81c506000 	C:\Program Files\Java\jdk-18.0.1.1\bin\nio.dll
0x00007ff81ceb0000 - 0x00007ff81ceb9000 	C:\Program Files\Java\jdk-18.0.1.1\bin\management.dll
0x00007ff81c5d0000 - 0x00007ff81c5db000 	C:\Program Files\Java\jdk-18.0.1.1\bin\management_ext.dll
0x00007ff81c4e0000 - 0x00007ff81c4ee000 	C:\Program Files\Java\jdk-18.0.1.1\bin\sunmscapi.dll
0x00007ff82d9d0000 - 0x00007ff82dbe6000 	C:\Windows\System32\CRYPT32.dll
0x00007ff82d570000 - 0x00007ff82d582000 	C:\Windows\System32\MSASN1.dll
0x00007ff82d020000 - 0x00007ff82d04c000 	C:\Windows\SYSTEM32\ncrypt.dll
0x00007ff82cfe0000 - 0x00007ff82d01c000 	C:\Windows\SYSTEM32\NTASN1.dll

dbghelp: loaded successfully - version: 4.0.5 - missing functions: none
symbol engine: initialized successfully - sym options: 0x614 - pdb path: .;C:\Program Files\Java\jdk-18.0.1.1\bin;C:\Windows\SYSTEM32;C:\Windows\WinSxS\amd64_microsoft.windows.common-controls_6595b64144ccf1df_6.0.17763.7434_none_de70930c534be02a;C:\Program Files\Java\jdk-18.0.1.1\bin\server

VM Arguments:
jvm_args: -javaagent:C:\Program Files\JetBrains\IntelliJ IDEA Community Edition 2025.1\lib\idea_rt.jar=59131 -Dfile.encoding=UTF-8 -Dsun.stdout.encoding=UTF-8 -Dsun.stderr.encoding=UTF-8 
java_command: com.example.Book.Managment.BookManagmentApplication
java_class_path (initial): C:\Users\Admin\Desktop\help folder\Book-Managment\target\classes;C:\Users\Admin\.m2\repository\org\springframework\boot\spring-boot-starter-data-jpa\3.5.3\spring-boot-starter-data-jpa-3.5.3.jar;C:\Users\Admin\.m2\repository\org\springframework\boot\spring-boot-starter\3.5.3\spring-boot-starter-3.5.3.jar;C:\Users\Admin\.m2\repository\org\springframework\boot\spring-boot-starter-logging\3.5.3\spring-boot-starter-logging-3.5.3.jar;C:\Users\Admin\.m2\repository\ch\qos\logback\logback-classic\1.5.18\logback-classic-1.5.18.jar;C:\Users\Admin\.m2\repository\ch\qos\logback\logback-core\1.5.18\logback-core-1.5.18.jar;C:\Users\Admin\.m2\repository\org\apache\logging\log4j\log4j-to-slf4j\2.24.3\log4j-to-slf4j-2.24.3.jar;C:\Users\Admin\.m2\repository\org\apache\logging\log4j\log4j-api\2.24.3\log4j-api-2.24.3.jar;C:\Users\Admin\.m2\repository\org\slf4j\jul-to-slf4j\2.0.17\jul-to-slf4j-2.0.17.jar;C:\Users\Admin\.m2\repository\jakarta\annotation\jakarta.annotation-api\2.1.1\jakarta.annotation-api-2.1.1.jar;C:\Users\Admin\.m2\repository\org\yaml\snakeyaml\2.4\snakeyaml-2.4.jar;C:\Users\Admin\.m2\repository\org\springframework\boot\spring-boot-starter-jdbc\3.5.3\spring-boot-starter-jdbc-3.5.3.jar;C:\Users\Admin\.m2\repository\com\zaxxer\HikariCP\6.3.0\HikariCP-6.3.0.jar;C:\Users\Admin\.m2\repository\org\springframework\spring-jdbc\6.2.8\spring-jdbc-6.2.8.jar;C:\Users\Admin\.m2\repository\org\hibernate\orm\hibernate-core\6.6.18.Final\hibernate-core-6.6.18.Final.jar;C:\Users\Admin\.m2\repository\jakarta\persistence\jakarta.persistence-api\3.1.0\jakarta.persistence-api-3.1.0.jar;C:\Users\Admin\.m2\repository\jakarta\transaction\jakarta.transaction-api\2.0.1\jakarta.transaction-api-2.0.1.jar;C:\Users\Admin\.m2\repository\org\jboss\logging\jboss-logging\3.6.1.Final\jboss-logging-3.6.1.Final.jar;C:\Users\Admin\.m2\repository\org\hibernate\common\hibernate-commons-annotations\7.0.3.Final\hibernate-commons-annotations-7.0.3.Final.jar;C:\Users\Admin\.m2\repository\io\smallrye\jandex\3.2.0\jandex-3.2.0.jar;C:\Users\Admin\.m2\repository\com\fasterxml\classmate\1.7.0\classmate-1.7.0.jar;C:\Users\Admin\.m2\repository\net\bytebuddy\byte-buddy\1.17.6\byte-buddy-1.17.6.jar;C:\Users\Admin\.m2\repository\org\glassfish\jaxb\jaxb-runtime\4.0.5\jaxb-runtime-4.0.5.jar;C:\Users\Admin\.m2\repository\org\glassfish\jaxb\jaxb-core\4.0.5\jaxb-core-4.0.5.jar;C:\Users\Admin\.m2\repository\org\eclipse\angus\angus-activation\2.0.2\angus-activation-2.0.2.jar;C:\Users\Admin\.m2\repository\org\glassfish\jaxb\txw2\4.0.5\txw2-4.0.5.jar;C:\Users\Admin\.m2\repository\com\sun\istack\istack-commons-runtime\4.1.2\istack-commons-runtime-4.1.2.jar;C:\Users\Admin\.m2\repository\jakarta\inject\jakarta.inject-api\2.0.1\jakarta.inject-api-2.0.1.jar;C:\Users\Admin\.m2\repository\org\antlr\antlr4-runtime\4.13.0\antlr4-runtime-4.13.0.jar;C:\Users\Admin\.m2\repository\org\springframework\data\spring-data-jpa\3.5.1\spring-data-jpa-3.5.1.jar;C:\Users\Admin\.m2\repository\org\springframework\data\spring-data-commons\3.5.1\spring-data-commons-3.5.1.jar;C:\Users\Admin\.m2\repository\org\springframework\spring-orm\6.2.8\spring-orm-6.2.8.jar;C:\Users\Admin\.m2\repository\org\springframework\spring-context\6.2.8\spring-context-6.2.8.jar;C:\Users\Admin\.m2\repository\org\springframework\spring-aop\6.2.8\spring-aop-6.2.8.jar;C:\Users\Admin\.m2\repository\org\springframework\spring-tx\6.2.8\spring-tx-6.2.8.jar;C:\Users\Admin\.m2\repository\org\springframework\spring-beans\6.2.8\spring-beans-6.2.8.jar;C:\Users\Admin\.m2\repository\org\slf4j\slf4j-api\2.0.17\slf4j-api-2.0.17.jar;C:\Users\Admin\.m2\repository\org\springframework\spring-aspects\6.2.8\spring-aspects-6.2.8.jar;C:\Users\Admin\.m2\repository\org\aspectj\aspectjweaver\1.9.24\aspectjweaver-1.9.24.jar;C:\Users\Admin\.m2\repository\org\springframework\boot\spring-boot-starter-thymeleaf\3.5.3\spring-boot-starter-thymeleaf-3.5.3.jar;C:\Users\Admin\.m2\repository\org\thymeleaf\thymeleaf-spring6\3.1.3.RELEASE\thymeleaf-spring6-3.1.3.RELEASE.jar;C:\Users\Admin\.m2\repository\org\thymeleaf\thymeleaf\3.1.3.RELEASE\thymeleaf-3.1.3.RELEASE.jar;C:\Users\Admin\.m2\repository\org\attoparser\attoparser\2.0.7.RELEASE\attoparser-2.0.7.RELEASE.jar;C:\Users\Admin\.m2\repository\org\unbescape\unbescape\1.1.6.RELEASE\unbescape-1.1.6.RELEASE.jar;C:\Users\Admin\.m2\repository\org\springframework\boot\spring-boot-starter-web\3.5.3\spring-boot-starter-web-3.5.3.jar;C:\Users\Admin\.m2\repository\org\springframework\boot\spring-boot-starter-json\3.5.3\spring-boot-starter-json-3.5.3.jar;C:\Users\Admin\.m2\repository\com\fasterxml\jackson\core\jackson-databind\2.19.1\jackson-databind-2.19.1.jar;C:\Users\Admin\.m2\repository\com\fasterxml\jackson\core\jackson-annotations\2.19.1\jackson-annotations-2.19.1.jar;C:\Users\Admin\.m2\repository\com\fasterxml\jackson\core\jackson-core\2.19.1\jackson-core-2.19.1.jar;C:\Users\Admin\.m2\repository\com\fasterxml\jackson\datatype\jackson-datatype-jdk8\2.19.1\jackson-datatype-jdk8-2.19.1.jar;C:\Users\Admin\.m2\repository\com\fasterxml\jackson\datatype\jackson-datatype-jsr310\2.19.1\jackson-datatype-jsr310-2.19.1.jar;C:\Users\Admin\.m2\repository\com\fasterxml\jackson\module\jackson-module-parameter-names\2.19.1\jackson-module-parameter-names-2.19.1.jar;C:\Users\Admin\.m2\repository\org\springframework\boot\spring-boot-starter-tomcat\3.5.3\spring-boot-starter-tomcat-3.5.3.jar;C:\Users\Admin\.m2\repository\org\apache\tomcat\embed\tomcat-embed-core\10.1.42\tomcat-embed-core-10.1.42.jar;C:\Users\Admin\.m2\repository\org\apache\tomcat\embed\tomcat-embed-el\10.1.42\tomcat-embed-el-10.1.42.jar;C:\Users\Admin\.m2\repository\org\apache\tomcat\embed\tomcat-embed-websocket\10.1.42\tomcat-embed-websocket-10.1.42.jar;C:\Users\Admin\.m2\repository\org\springframework\spring-web\6.2.8\spring-web-6.2.8.jar;C:\Users\Admin\.m2\repository\io\micrometer\micrometer-observation\1.15.1\micrometer-observation-1.15.1.jar;C:\Users\Admin\.m2\repository\io\micrometer\micrometer-commons\1.15.1\micrometer-commons-1.15.1.jar;C:\Users\Admin\.m2\repository\org\springframework\spring-webmvc\6.2.8\spring-webmvc-6.2.8.jar;C:\Users\Admin\.m2\repository\org\springframework\spring-expression\6.2.8\spring-expression-6.2.8.jar;C:\Users\Admin\.m2\repository\org\springframework\boot\spring-boot-devtools\3.5.3\spring-boot-devtools-3.5.3.jar;C:\Users\Admin\.m2\repository\org\springframework\boot\spring-boot\3.5.3\spring-boot-3.5.3.jar;C:\Users\Admin\.m2\repository\org\springframework\boot\spring-boot-autoconfigure\3.5.3\spring-boot-autoconfigure-3.5.3.jar;C:\Users\Admin\.m2\repository\com\mysql\mysql-connector-j\9.2.0\mysql-connector-j-9.2.0.jar;C:\Users\Admin\.m2\repository\jakarta\xml\bind\jakarta.xml.bind-api\4.0.2\jakarta.xml.bind-api-4.0.2.jar;C:\Users\Admin\.m2\repository\jakarta\activation\jakarta.activation-api\2.1.3\jakarta.activation-api-2.1.3.jar;C:\Users\Admin\.m2\repository\org\springframework\spring-core\6.2.8\spring-core-6.2.8.jar;C:\Users\Admin\.m2\repository\org\springframework\spring-jcl\6.2.8\spring-jcl-6.2.8.jar
Launcher Type: SUN_STANDARD

[Global flags]
     intx CICompilerCount                          = 3                                         {product} {ergonomic}
     uint ConcGCThreads                            = 1                                         {product} {ergonomic}
     uint G1ConcRefinementThreads                  = 4                                         {product} {ergonomic}
   size_t G1HeapRegionSize                         = 2097152                                   {product} {ergonomic}
    uintx GCDrainStackTargetSize                   = 64                                        {product} {ergonomic}
   size_t InitialHeapSize                          = 268435456                                 {product} {ergonomic}
   size_t MarkStackSize                            = 4194304                                   {product} {ergonomic}
   size_t MaxHeapSize                              = 4284481536                                {product} {ergonomic}
   size_t MaxNewSize                               = 2569011200                                {product} {ergonomic}
   size_t MinHeapDeltaBytes                        = 2097152                                   {product} {ergonomic}
   size_t MinHeapSize                              = 8388608                                   {product} {ergonomic}
    uintx NonNMethodCodeHeapSize                   = 5832780                                {pd product} {ergonomic}
    uintx NonProfiledCodeHeapSize                  = 122912730                              {pd product} {ergonomic}
    uintx ProfiledCodeHeapSize                     = 122912730                              {pd product} {ergonomic}
    uintx ReservedCodeCacheSize                    = 251658240                              {pd product} {ergonomic}
     bool SegmentedCodeCache                       = true                                      {product} {ergonomic}
   size_t SoftMaxHeapSize                          = 4284481536                             {manageable} {ergonomic}
     bool UseCompressedClassPointers               = true                           {product lp64_product} {ergonomic}
     bool UseCompressedOops                        = true                           {product lp64_product} {ergonomic}
     bool UseG1GC                                  = true                                      {product} {ergonomic}
     bool UseLargePagesIndividualAllocation        = false                                  {pd product} {ergonomic}

Logging:
Log output configuration:
 #0: stdout all=warning uptime,level,tags foldmultilines=false
 #1: stderr all=off uptime,level,tags foldmultilines=false

Environment Variables:
JAVA_HOME=C:\Program Files\Java\jdk-18.0.1.1
PATH=C:\Program Files\Java\jdk-18.0.1.1;C:\Program Files (x86)\Common Files\Intel\Shared Libraries\redist\intel64\compiler;C:\Windows\system32;C:\Windows;C:\Windows\System32\Wbem;C:\Windows\System32\WindowsPowerShell\v1.0\;C:\Windows\System32\OpenSSH\;C:\Program Files (x86)\NVIDIA Corporation\PhysX\Common;C:\Program Files\NVIDIA Corporation\NVIDIA NvDLISR;C:\Program Files (x86)\Windows Kits\10\Windows Performance Toolkit\;C:\w64devkit\bin;C:\Program Files\Git\cmd;C:\Program Files\Java\jdk-18.0.1.1\bin;C:\Program Files\PuTTY\;C:\Program Files\MySQL\MySQL Server 8.0\bin;C:\Program Files\nodejs\;C:\Program Files\MySQL\MySQL Shell 8.0\bin\;C:\Users\Admin\AppData\Local\Programs\Python\Python312\Scripts\;C:\Users\Admin\AppData\Local\Programs\Python\Python312\;C:\Users\Admin\AppData\Local\Programs\Python\Launcher\;C:\Users\Admin\AppData\Local\Microsoft\WindowsApps;C:\Users\Admin\AppData\Local\Programs\Microsoft VS Code\bin;C:\Program Files\Java\jdk-18.0.1.1\bin;C:\Users\Admin\AppData\Roaming\npm
USERNAME=Admin
OS=Windows_NT
PROCESSOR_IDENTIFIER=Intel64 Family 6 Model 42 Stepping 7, GenuineIntel



---------------  S Y S T E M  ---------------

OS:
 Windows 10 , 64 bit Build 17763 (10.0.17763.7009)
OS uptime: 9 days 4:12 hours

CPU: total 4 (initial active 4) (4 cores per cpu, 1 threads per core) family 6 model 42 stepping 7 microcode 0x2f, cx8, cmov, fxsr, mmx, sse, sse2, sse3, ssse3, sse4.1, sse4.2, popcnt, tsc, tscinvbit, avx, aes, clmul, vzeroupper, clflush

Memory: 4k page, system-wide physical 16338M (4992M free)
TotalPageFile size 17362M (AvailPageFile size 4M)
current process WorkingSet (physical memory assigned to process): 113M, peak: 113M
current process commit charge ("private bytes"): 374M, peak: 374M

vm_info: Java HotSpot(TM) 64-Bit Server VM (18.0.1.1+2-6) for windows-amd64 JRE (18.0.1.1+2-6), built on Apr 25 2022 21:53:15 by "mach5one" with MS VC++ 16.8 / 16.9 (VS2019)

END.
